hlcsg v2.5.3 rel Custom Build 1.7 (Dec  9 2002)
Zoner's Half-Life Compilation Tools -- Custom Build
Based on code modifications by Sean 'Zoner' Cavanaugh
Based on Valve's version, modified with permission.
Submit detailed bug reports to (merlinis@bigpond.net.au)
-----  BEGIN  hlcsg -----
Command line: C:\PROGRA~1\VALVEH~1\tools\hlcsg.exe "C:\Programmer\Valve Hammer Editor\maps\fy_simpsons_street"
Entering C:\Programmer\Valve Hammer Editor\maps\fy_simpsons_street.map

Current hlcsg Settings
Name                 |  Setting  |  Default
---------------------|-----------|-------------------------
threads               [       1 ] [  Varies ]
verbose               [     off ] [     off ]
log                   [      on ] [      on ]
developer             [       0 ] [       0 ]
chart                 [     off ] [     off ]
estimate              [     off ] [     off ]
max texture memory    [ 4194304 ] [ 4194304 ]
priority              [  Normal ] [  Normal ]

noclip                [     off ] [     off ]
null texture stripping[      on ] [      on ]
clipnode economy mode [      on ] [      on ]
onlyents              [     off ] [     off ]
wadtextures           [      on ] [      on ]
skyclip               [      on ] [      on ]
hullfile              [    None ] [    None ]
min surface area      [   0.500 ] [   0.500 ]
brush union threshold [   0.000 ] [   0.000 ]

Using mapfile wad configuration
Wadinclude list :
[zhlt.wad]

0 brushes (totalling 0 sides) discarded from clipping hulls
CreateBrush:
 (0.03 seconds)
SetModelCenters:
 (0.00 seconds)
CSGBrush:
 (0.19 seconds)

Using Wadfile: \games\1.5\cstrike\cs_dust.wad
 - Contains 0 used textures, 0.00 percent of map (28 textures in wad)
Using Wadfile: \games\1.5\cstrike\de_aztec.wad
 - Warning: Larger than expected texture (348972 bytes): 'SPECIAL_THANKS'
 - Warning: Larger than expected texture (348972 bytes): 'THANKS'
 - Contains 0 used textures, 0.00 percent of map (24 textures in wad)
Using Wadfile: \games\1.5\valve\halflife.wad
 - Contains 3 used textures, 15.79 percent of map (3116 textures in wad)
Using Wadfile: \games\1.5\cstrike\as_tundra.wad
 - Contains 0 used textures, 0.00 percent of map (18 textures in wad)
Using Wadfile: \games\1.5\valve\decals.wad
 - Contains 0 used textures, 0.00 percent of map (222 textures in wad)
Using Wadfile: \games\1.5\cstrike\0soup0_simpsons.wad
 - Warning: Larger than expected texture (251052 bytes): 'CAR'
 - Warning: Larger than expected texture (270092 bytes): '{BURNSWINDOW'
 - Warning: Larger than expected texture (348972 bytes): 'NUKEOUTSIDE'
 - Warning: Larger than expected texture (348972 bytes): 'TRAILER'
 - Warning: Larger than expected texture (261932 bytes): '{PLEXFLASH'
 - Warning: Larger than expected texture (196652 bytes): 'COMICSTORE'
 - Warning: Larger than expected texture (261932 bytes): '{RADIO'
 - Contains 15 used textures, 78.95 percent of map (110 textures in wad)
Using Wadfile: \programmer\steam\steamapps\madsvm@hotmail.com\counter-strike\cstrike\zaire.wad
 - Contains 1 used texture, 5.26 percent of map (1 textures in wad)

Texture usage is at 1.23 mb (of 4.00 mb MAX)
0.27 seconds elapsed

-----   END   hlcsg -----



hlbsp v2.5.3 rel Custom Build 1.7 (Dec  9 2002)
Zoner's Half-Life Compilation Tools -- Custom Build
Based on code modifications by Sean 'Zoner' Cavanaugh
Based on Valve's version, modified with permission.
Submit detailed bug reports to (merlinis@bigpond.net.au)
-----  BEGIN  hlbsp -----
Command line: C:\PROGRA~1\VALVEH~1\tools\hlbsp.exe "C:\Programmer\Valve Hammer Editor\maps\fy_simpsons_street"

Current hlbsp Settings
Name               |  Setting  |  Default
-------------------|-----------|-------------------------
threads             [       1 ] [  Varies ]
verbose             [     off ] [     off ]
log                 [      on ] [      on ]
developer           [       0 ] [       0 ]
chart               [     off ] [     off ]
estimate            [     off ] [     off ]
max texture memory  [ 4194304 ] [ 4194304 ]
priority            [  Normal ] [  Normal ]

noclip              [     off ] [     off ]
nofill              [     off ] [     off ]
null tex. stripping [      on ] [      on ]
notjunc             [     off ] [     off ]
subdivide size      [     240 ] [     240 ] (Min 64) (Max 512)
max node size       [    1024 ] [    1024 ] (Min 64) (Max 4096)


BSP generation successful, writing portal file 'C:\Programmer\Valve Hammer Editor\maps\fy_simpsons_street.prt'
0.31 seconds elapsed

-----   END   hlbsp -----



hlvis v2.5.3 rel Custom Build 1.7 (Dec  9 2002)
Zoner's Half-Life Compilation Tools -- Custom Build
Based on code modifications by Sean 'Zoner' Cavanaugh
Based on Valve's version, modified with permission.
Submit detailed bug reports to (merlinis@bigpond.net.au)
-----  BEGIN  hlvis -----
Command line: C:\PROGRA~1\VALVEH~1\tools\hlvis.exe "C:\Programmer\Valve Hammer Editor\maps\fy_simpsons_street"
 188 portalleafs
 527 numportals

-= Current hlvis Settings =-
Name               |  Setting  |  Default
-------------------|-----------|-------------------------
threads             [       1 ] [  Varies ]
verbose             [     off ] [     off ]
log                 [      on ] [      on ]
developer           [       0 ] [       0 ]
chart               [     off ] [     off ]
estimate            [     off ] [     off ]
max texture memory  [ 4194304 ] [ 4194304 ]
max vis distance    [       0 ] [       0 ]
priority            [  Normal ] [  Normal ]

fast vis            [     off ] [     off ]
full vis            [     off ] [     off ]


BasePortalVis:
 (0.06 seconds)
LeafThread:
 (2.77 seconds)
average leafs visible: 86
g_visdatasize:4461  compressed from 4512
2.84 seconds elapsed

-----   END   hlvis -----



hlrad v2.5.3 rel Custom Build 1.7 (Dec  9 2002)
Zoner's Half-Life Compilation Tools -- Custom Build
Based on code modifications by Sean 'Zoner' Cavanaugh
Based on Valve's version, modified with permission.
Submit detailed bug reports to (merlinis@bigpond.net.au)
-----  BEGIN  hlrad -----
Command line: C:\PROGRA~1\VALVEH~1\tools\hlrad.exe "C:\Programmer\Valve Hammer Editor\maps\fy_simpsons_street"

-= Current hlrad Settings =-
Name                | Setting             | Default
--------------------|---------------------|-------------------------
threads              [                 1 ] [            Varies ]
verbose              [               off ] [               off ]
log                  [                on ] [                on ]
developer            [                 0 ] [                 0 ]
chart                [               off ] [               off ]
estimate             [               off ] [               off ]
max texture memory   [           4194304 ] [           4194304 ]
priority             [            Normal ] [            Normal ]

vismatrix algorithm  [          Original ] [          Original ]
oversampling (-extra)[               off ] [               off ]
bounces              [                 1 ] [                 1 ]
ambient light        [ 0.000 0.000 0.000 ] [ 0.000 0.000 0.000 ]
maximum light        [           255.000 ] [           256.000 ]
circus mode          [               off ] [               off ]

smoothing threshold  [            50.000 ] [            50.000 ]
direct threshold     [            25.000 ] [            25.000 ]
direct light scale   [             2.000 ] [             2.000 ]
coring threshold     [             1.000 ] [             1.000 ]
patch interpolation  [                on ] [                on ]

texscale             [                on ] [                on ]
patch subdividing    [                on ] [                on ]
chop value           [            64.000 ] [            64.000 ]
texchop value        [            32.000 ] [            32.000 ]

global fade          [             1.000 ] [             1.000 ]
global falloff       [                 2 ] [                 2 ]
global light scale   [ 1.000 1.000 1.000 ] [ 1.000 1.000 1.000 ]
global gamma         [ 0.500 0.500 0.500 ] [ 0.500 0.500 0.500 ]
global light scale   [             1.000 ] [             1.000 ]
global sky diffusion [             1.000 ] [             1.000 ]

opaque entities      [                on ] [                on ]
sky lighting fix     [                on ] [                on ]
incremental          [               off ] [               off ]
dump                 [               off ] [               off ]

colour jitter        [       0.0 0.0 0.0 ] [       0.0 0.0 0.0 ]
monochromatic jitter [       0.0 0.0 0.0 ] [       0.0 0.0 0.0 ]
softlight hack       [   0.0 0.0 0.0 0.0 ] [   0.0 0.0 0.0 0.0 ]
diffuse hack         [                on ] [                on ]
spotlight points     [                on ] [                on ]

custom shadows with bounce light
                     [               off ] [               off ]
rgb transfers        [               off ] [               off ]


[Reading texlights from 'C:\PROGRA~1\VALVEH~1\tools\lights.rad']
[1 texlights parsed from 'C:\PROGRA~1\VALVEH~1\tools\lights.rad']

699 faces
Create Patches : 3717 base patches
0 opaque faces
39696 square feet [5716284.00 square inches]
4 direct lights

BuildFacelights:
 (20.30 seconds)
visibility matrix   :   0.8 megs
BuildVisLeafs:
 (1.58 seconds)
MakeScales:
 (0.55 seconds)
SwapTransfers:
 (0.11 seconds)
Transfer Lists :      787710 :  787.71k transfers
       Indices :      523012 :  510.75k bytes
          Data :     3150840 :    3.00M bytes
GatherLight:
 (0.08 seconds)
FinalLightFace:
 (0.28 seconds)
23.36 seconds elapsed

-----   END   hlrad -----



